[0m18:17:39.444487 [debug] [MainThread]: Sending event: {'category': 'dbt', 'action': 'invocation', 'label': 'start', 'context': [<snowplow_tracker.self_describing_json.SelfDescribingJson object at 0x7fcb52fb1d90>, <snowplow_tracker.self_describing_json.SelfDescribingJson object at 0x7fcb5163c650>, <snowplow_tracker.self_describing_json.SelfDescribingJson object at 0x7fcb51270860>]}


============================== 18:17:39.447231 | bcfe7f69-61d8-459e-9db8-81f25d3cc95d ==============================
[0m18:17:39.447231 [info ] [MainThread]: Running with dbt=1.10.2
[0m18:17:39.447637 [debug] [MainThread]: running dbt with arguments {'printer_width': '80', 'indirect_selection': 'eager', 'write_json': 'True', 'log_cache_events': 'False', 'partial_parse': 'True', 'cache_selected_only': 'False', 'warn_error': 'None', 'fail_fast': 'False', 'debug': 'False', 'log_path': 'logs', 'version_check': 'True', 'profiles_dir': '/home/leo-lopes/.dbt', 'use_colors': 'True', 'use_experimental_parser': 'False', 'empty': 'None', 'quiet': 'False', 'no_print': 'None', 'log_format': 'default', 'static_parser': 'True', 'invocation_command': 'dbt init dbt_core_project', 'introspect': 'True', 'target_path': 'None', 'warn_error_options': 'WarnErrorOptionsV2(error=[], warn=[], silence=[])', 'send_anonymous_usage_stats': 'True'}
[0m18:17:39.453075 [info ] [MainThread]: Creating dbt configuration folder at /home/leo-lopes/.dbt
[0m18:17:39.453936 [debug] [MainThread]: Starter project path: /home/leo-lopes/Documents/DEV/dbt-core/dbt-env/lib/python3.12/site-packages/dbt/include/starter_project
[0m18:17:39.455806 [info ] [MainThread]: 
Your new dbt project "dbt_core_project" was created!

For more information on how to configure the profiles.yml file,
please consult the dbt documentation here:

  https://docs.getdbt.com/docs/configure-your-profile

One more thing:

Need help? Don't hesitate to reach out to us via GitHub issues or on Slack:

  https://community.getdbt.com/

Happy modeling!

[0m18:17:39.456080 [info ] [MainThread]: Setting up your profile.
[0m18:26:02.898300 [info ] [MainThread]: Profile dbt_core_project written to /home/leo-lopes/.dbt/profiles.yml using target's profile_template.yml and your supplied values. Run 'dbt debug' to validate the connection.
[0m18:26:02.903010 [debug] [MainThread]: Resource report: {"command_name": "init", "command_success": true, "command_wall_clock_time": 503.49567, "process_in_blocks": "1288", "process_kernel_time": 0.450213, "process_mem_max_rss": "357608", "process_out_blocks": "80", "process_user_time": 2.964236}
[0m18:26:02.903593 [debug] [MainThread]: Command `dbt init` succeeded at 18:26:02.903517 after 503.50 seconds
[0m18:26:02.903900 [debug] [MainThread]: Sending event: {'category': 'dbt', 'action': 'invocation', 'label': 'end', 'context': [<snowplow_tracker.self_describing_json.SelfDescribingJson object at 0x7fcb510132f0>, <snowplow_tracker.self_describing_json.SelfDescribingJson object at 0x7fcb137ea0c0>, <snowplow_tracker.self_describing_json.SelfDescribingJson object at 0x7fcb138c25d0>]}
[0m18:26:02.904245 [debug] [MainThread]: Flushing usage events
[0m18:26:03.784300 [debug] [MainThread]: An error was encountered while trying to flush usage events
[0m18:28:39.320073 [debug] [MainThread]: Sending event: {'category': 'dbt', 'action': 'invocation', 'label': 'start', 'context': [<snowplow_tracker.self_describing_json.SelfDescribingJson object at 0x7d0a69e22540>, <snowplow_tracker.self_describing_json.SelfDescribingJson object at 0x7d0a6bea6720>, <snowplow_tracker.self_describing_json.SelfDescribingJson object at 0x7d0a69f1e5d0>]}


============================== 18:28:39.322170 | daa9c6bb-2b64-49e1-b592-0b849dc37dd7 ==============================
[0m18:28:39.322170 [info ] [MainThread]: Running with dbt=1.10.2
[0m18:28:39.322569 [debug] [MainThread]: running dbt with arguments {'printer_width': '80', 'indirect_selection': 'eager', 'log_cache_events': 'False', 'write_json': 'True', 'partial_parse': 'True', 'cache_selected_only': 'False', 'profiles_dir': '/home/leo-lopes/.dbt', 'fail_fast': 'False', 'version_check': 'True', 'log_path': 'logs', 'debug': 'False', 'warn_error': 'None', 'use_colors': 'True', 'use_experimental_parser': 'False', 'empty': 'None', 'quiet': 'False', 'no_print': 'None', 'warn_error_options': 'WarnErrorOptionsV2(error=[], warn=[], silence=[])', 'invocation_command': 'dbt debug', 'static_parser': 'True', 'log_format': 'default', 'target_path': 'None', 'introspect': 'True', 'send_anonymous_usage_stats': 'True'}
[0m18:28:39.328236 [info ] [MainThread]: dbt version: 1.10.2
[0m18:28:39.328520 [info ] [MainThread]: python version: 3.12.3
[0m18:28:39.328762 [info ] [MainThread]: python path: /home/leo-lopes/Documents/DEV/dbt-core/dbt-env/bin/python3
[0m18:28:39.328995 [info ] [MainThread]: os info: Linux-6.11.0-28-generic-x86_64-with-glibc2.39
[0m18:28:41.127565 [info ] [MainThread]: Using profiles dir at /home/leo-lopes/.dbt
[0m18:28:41.127982 [info ] [MainThread]: Using profiles.yml file at /home/leo-lopes/.dbt/profiles.yml
[0m18:28:41.128275 [info ] [MainThread]: Using dbt_project.yml file at /home/leo-lopes/Documents/DEV/dbt-core/dbt_project.yml
[0m18:28:41.128574 [info ] [MainThread]: adapter type: bigquery
[0m18:28:41.128883 [info ] [MainThread]: adapter version: 1.9.2
[0m18:28:41.129172 [info ] [MainThread]: Configuration:
[0m18:28:41.129479 [info ] [MainThread]:   profiles.yml file [[32mOK found and valid[0m]
[0m18:28:41.129759 [info ] [MainThread]:   dbt_project.yml file [[31mERROR not found[0m]
[0m18:28:41.130030 [info ] [MainThread]: Required dependencies:
[0m18:28:41.130319 [debug] [MainThread]: Executing "git --help"
[0m18:28:41.131967 [debug] [MainThread]: STDOUT: "b"usage: git [-v | --version] [-h | --help] [-C <path>] [-c <name>=<value>]\n           [--exec-path[=<path>]] [--html-path] [--man-path] [--info-path]\n           [-p | --paginate | -P | --no-pager] [--no-replace-objects] [--no-lazy-fetch]\n           [--no-optional-locks] [--no-advice] [--bare] [--git-dir=<path>]\n           [--work-tree=<path>] [--namespace=<name>] [--config-env=<name>=<envvar>]\n           <command> [<args>]\n\nThese are common Git commands used in various situations:\n\nstart a working area (see also: git help tutorial)\n   clone      Clone a repository into a new directory\n   init       Create an empty Git repository or reinitialize an existing one\n\nwork on the current change (see also: git help everyday)\n   add        Add file contents to the index\n   mv         Move or rename a file, a directory, or a symlink\n   restore    Restore working tree files\n   rm         Remove files from the working tree and from the index\n\nexamine the history and state (see also: git help revisions)\n   bisect     Use binary search to find the commit that introduced a bug\n   diff       Show changes between commits, commit and working tree, etc\n   grep       Print lines matching a pattern\n   log        Show commit logs\n   show       Show various types of objects\n   status     Show the working tree status\n\ngrow, mark and tweak your common history\n   backfill   Download missing objects in a partial clone\n   branch     List, create, or delete branches\n   commit     Record changes to the repository\n   merge      Join two or more development histories together\n   rebase     Reapply commits on top of another base tip\n   reset      Reset current HEAD to the specified state\n   switch     Switch branches\n   tag        Create, list, delete or verify a tag object signed with GPG\n\ncollaborate (see also: git help workflows)\n   fetch      Download objects and refs from another repository\n   pull       Fetch from and integrate with another repository or a local branch\n   push       Update remote refs along with associated objects\n\n'git help -a' and 'git help -g' list available subcommands and some\nconcept guides. See 'git help <command>' or 'git help <concept>'\nto read about a specific subcommand or concept.\nSee 'git help git' for an overview of the system.\n""
[0m18:28:41.132246 [debug] [MainThread]: STDERR: "b''"
[0m18:28:41.132485 [info ] [MainThread]:  - git [[32mOK found[0m]

[0m18:28:41.132774 [info ] [MainThread]: Connection:
[0m18:28:41.133030 [info ] [MainThread]:   method: service-account
[0m18:28:41.133284 [info ] [MainThread]:   database: dwairflowdbt
[0m18:28:41.133541 [info ] [MainThread]:   execution_project: dwairflowdbt
[0m18:28:41.133772 [info ] [MainThread]:   schema: teste_dbt
[0m18:28:41.133999 [info ] [MainThread]:   location: US
[0m18:28:41.134226 [info ] [MainThread]:   priority: interactive
[0m18:28:41.134453 [info ] [MainThread]:   maximum_bytes_billed: None
[0m18:28:41.134720 [info ] [MainThread]:   impersonate_service_account: None
[0m18:28:41.134961 [info ] [MainThread]:   job_retry_deadline_seconds: None
[0m18:28:41.135189 [info ] [MainThread]:   job_retries: 1
[0m18:28:41.135455 [info ] [MainThread]:   job_creation_timeout_seconds: None
[0m18:28:41.135712 [info ] [MainThread]:   job_execution_timeout_seconds: 300
[0m18:28:41.135941 [info ] [MainThread]:   timeout_seconds: 300
[0m18:28:41.136167 [info ] [MainThread]:   client_id: None
[0m18:28:41.136391 [info ] [MainThread]:   token_uri: None
[0m18:28:41.136638 [info ] [MainThread]:   compute_region: None
[0m18:28:41.136902 [info ] [MainThread]:   dataproc_cluster_name: None
[0m18:28:41.137134 [info ] [MainThread]:   gcs_bucket: None
[0m18:28:41.137391 [info ] [MainThread]:   dataproc_batch: None
[0m18:28:41.137734 [info ] [MainThread]: Registered adapter: bigquery=1.9.2
[0m18:28:41.340204 [debug] [MainThread]: Acquiring new bigquery connection 'debug'
[0m18:28:41.340576 [debug] [MainThread]: On debug: select 1 as id
[0m18:28:41.340846 [debug] [MainThread]: Opening a new connection, currently in state init
[0m18:28:42.290132 [debug] [MainThread]: BigQuery adapter: https://console.cloud.google.com/bigquery?project=dwairflowdbt&j=bq:US:63fc0c5a-1b8d-4f9d-b0d1-f7948124607c&page=queryresults
[0m18:28:42.895571 [info ] [MainThread]:   Connection test: [[32mOK connection ok[0m]

[0m18:28:42.895967 [info ] [MainThread]: [31m1 check failed:[0m
[0m18:28:42.896238 [info ] [MainThread]: Project loading failed for the following reason:
 project path </home/leo-lopes/Documents/DEV/dbt-core/dbt_project.yml> not found

[0m18:28:42.896971 [debug] [MainThread]: Resource report: {"command_name": "debug", "command_success": false, "command_wall_clock_time": 3.614239, "process_in_blocks": "54480", "process_kernel_time": 0.519039, "process_mem_max_rss": "364908", "process_out_blocks": "32", "process_user_time": 3.075411}
[0m18:28:42.897440 [debug] [MainThread]: Command `dbt debug` failed at 18:28:42.897363 after 3.61 seconds
[0m18:28:42.897728 [debug] [MainThread]: Connection 'debug' was properly closed.
[0m18:28:42.898007 [debug] [MainThread]: Sending event: {'category': 'dbt', 'action': 'invocation', 'label': 'end', 'context': [<snowplow_tracker.self_describing_json.SelfDescribingJson object at 0x7d0a697f8f50>, <snowplow_tracker.self_describing_json.SelfDescribingJson object at 0x7d0a69373e30>, <snowplow_tracker.self_describing_json.SelfDescribingJson object at 0x7d0a2c67a2a0>]}
[0m18:28:42.898341 [debug] [MainThread]: Flushing usage events
[0m18:28:43.409292 [debug] [MainThread]: An error was encountered while trying to flush usage events
[0m18:29:34.451521 [debug] [MainThread]: Sending event: {'category': 'dbt', 'action': 'invocation', 'label': 'start', 'context': [<snowplow_tracker.self_describing_json.SelfDescribingJson object at 0x7553770f9670>, <snowplow_tracker.self_describing_json.SelfDescribingJson object at 0x755374bd0890>, <snowplow_tracker.self_describing_json.SelfDescribingJson object at 0x755374bd2b70>]}


============================== 18:29:34.453723 | f0af9aee-23de-40cb-80eb-8beff4853eb7 ==============================
[0m18:29:34.453723 [info ] [MainThread]: Running with dbt=1.10.2
[0m18:29:34.454109 [debug] [MainThread]: running dbt with arguments {'printer_width': '80', 'indirect_selection': 'eager', 'write_json': 'True', 'log_cache_events': 'False', 'partial_parse': 'True', 'cache_selected_only': 'False', 'warn_error': 'None', 'debug': 'False', 'fail_fast': 'False', 'log_path': '/home/leo-lopes/Documents/DEV/dbt-core/logs', 'version_check': 'True', 'profiles_dir': '/home/leo-lopes/.dbt', 'use_colors': 'True', 'use_experimental_parser': 'False', 'no_print': 'None', 'quiet': 'False', 'empty': 'None', 'warn_error_options': 'WarnErrorOptionsV2(error=[], warn=[], silence=[])', 'static_parser': 'True', 'invocation_command': 'dbt debug', 'log_format': 'default', 'target_path': 'None', 'introspect': 'True', 'send_anonymous_usage_stats': 'True'}
[0m18:29:34.459842 [info ] [MainThread]: dbt version: 1.10.2
[0m18:29:34.460160 [info ] [MainThread]: python version: 3.12.3
[0m18:29:34.460414 [info ] [MainThread]: python path: /home/leo-lopes/Documents/DEV/dbt-core/dbt-env/bin/python3
[0m18:29:34.460656 [info ] [MainThread]: os info: Linux-6.11.0-28-generic-x86_64-with-glibc2.39
[0m18:29:35.946377 [info ] [MainThread]: Using profiles dir at /home/leo-lopes/.dbt
[0m18:29:35.946844 [info ] [MainThread]: Using profiles.yml file at /home/leo-lopes/.dbt/profiles.yml
[0m18:29:35.947120 [info ] [MainThread]: Using dbt_project.yml file at /home/leo-lopes/Documents/DEV/dbt-core/dbt_project.yml
[0m18:29:35.947370 [info ] [MainThread]: adapter type: bigquery
[0m18:29:35.947620 [info ] [MainThread]: adapter version: 1.9.2
[0m18:29:36.017295 [info ] [MainThread]: Configuration:
[0m18:29:36.017675 [info ] [MainThread]:   profiles.yml file [[32mOK found and valid[0m]
[0m18:29:36.017933 [info ] [MainThread]:   dbt_project.yml file [[32mOK found and valid[0m]
[0m18:29:36.018174 [info ] [MainThread]: Required dependencies:
[0m18:29:36.018427 [debug] [MainThread]: Executing "git --help"
[0m18:29:36.020109 [debug] [MainThread]: STDOUT: "b"usage: git [-v | --version] [-h | --help] [-C <path>] [-c <name>=<value>]\n           [--exec-path[=<path>]] [--html-path] [--man-path] [--info-path]\n           [-p | --paginate | -P | --no-pager] [--no-replace-objects] [--no-lazy-fetch]\n           [--no-optional-locks] [--no-advice] [--bare] [--git-dir=<path>]\n           [--work-tree=<path>] [--namespace=<name>] [--config-env=<name>=<envvar>]\n           <command> [<args>]\n\nThese are common Git commands used in various situations:\n\nstart a working area (see also: git help tutorial)\n   clone      Clone a repository into a new directory\n   init       Create an empty Git repository or reinitialize an existing one\n\nwork on the current change (see also: git help everyday)\n   add        Add file contents to the index\n   mv         Move or rename a file, a directory, or a symlink\n   restore    Restore working tree files\n   rm         Remove files from the working tree and from the index\n\nexamine the history and state (see also: git help revisions)\n   bisect     Use binary search to find the commit that introduced a bug\n   diff       Show changes between commits, commit and working tree, etc\n   grep       Print lines matching a pattern\n   log        Show commit logs\n   show       Show various types of objects\n   status     Show the working tree status\n\ngrow, mark and tweak your common history\n   backfill   Download missing objects in a partial clone\n   branch     List, create, or delete branches\n   commit     Record changes to the repository\n   merge      Join two or more development histories together\n   rebase     Reapply commits on top of another base tip\n   reset      Reset current HEAD to the specified state\n   switch     Switch branches\n   tag        Create, list, delete or verify a tag object signed with GPG\n\ncollaborate (see also: git help workflows)\n   fetch      Download objects and refs from another repository\n   pull       Fetch from and integrate with another repository or a local branch\n   push       Update remote refs along with associated objects\n\n'git help -a' and 'git help -g' list available subcommands and some\nconcept guides. See 'git help <command>' or 'git help <concept>'\nto read about a specific subcommand or concept.\nSee 'git help git' for an overview of the system.\n""
[0m18:29:36.020388 [debug] [MainThread]: STDERR: "b''"
[0m18:29:36.020627 [info ] [MainThread]:  - git [[32mOK found[0m]

[0m18:29:36.020875 [info ] [MainThread]: Connection:
[0m18:29:36.021124 [info ] [MainThread]:   method: service-account
[0m18:29:36.021355 [info ] [MainThread]:   database: dwairflowdbt
[0m18:29:36.021592 [info ] [MainThread]:   execution_project: dwairflowdbt
[0m18:29:36.021816 [info ] [MainThread]:   schema: teste_dbt
[0m18:29:36.022043 [info ] [MainThread]:   location: US
[0m18:29:36.022269 [info ] [MainThread]:   priority: interactive
[0m18:29:36.022504 [info ] [MainThread]:   maximum_bytes_billed: None
[0m18:29:36.022732 [info ] [MainThread]:   impersonate_service_account: None
[0m18:29:36.022957 [info ] [MainThread]:   job_retry_deadline_seconds: None
[0m18:29:36.023179 [info ] [MainThread]:   job_retries: 1
[0m18:29:36.023402 [info ] [MainThread]:   job_creation_timeout_seconds: None
[0m18:29:36.023642 [info ] [MainThread]:   job_execution_timeout_seconds: 300
[0m18:29:36.023871 [info ] [MainThread]:   timeout_seconds: 300
[0m18:29:36.024095 [info ] [MainThread]:   client_id: None
[0m18:29:36.024316 [info ] [MainThread]:   token_uri: None
[0m18:29:36.024546 [info ] [MainThread]:   compute_region: None
[0m18:29:36.024770 [info ] [MainThread]:   dataproc_cluster_name: None
[0m18:29:36.024992 [info ] [MainThread]:   gcs_bucket: None
[0m18:29:36.025213 [info ] [MainThread]:   dataproc_batch: None
[0m18:29:36.025556 [info ] [MainThread]: Registered adapter: bigquery=1.9.2
[0m18:29:36.221296 [debug] [MainThread]: Acquiring new bigquery connection 'debug'
[0m18:29:36.221668 [debug] [MainThread]: On debug: select 1 as id
[0m18:29:36.221939 [debug] [MainThread]: Opening a new connection, currently in state init
[0m18:29:36.853128 [debug] [MainThread]: BigQuery adapter: https://console.cloud.google.com/bigquery?project=dwairflowdbt&j=bq:US:8052693d-f3fc-4198-8bed-e31fe3a22455&page=queryresults
[0m18:29:37.516044 [info ] [MainThread]:   Connection test: [[32mOK connection ok[0m]

[0m18:29:37.516466 [info ] [MainThread]: [32mAll checks passed![0m
[0m18:29:37.517239 [debug] [MainThread]: Resource report: {"command_name": "debug", "command_success": true, "command_wall_clock_time": 3.1032598, "process_in_blocks": "0", "process_kernel_time": 0.48546, "process_mem_max_rss": "366852", "process_out_blocks": "24", "process_user_time": 3.117271}
[0m18:29:37.517635 [debug] [MainThread]: Command `dbt debug` succeeded at 18:29:37.517561 after 3.10 seconds
[0m18:29:37.517899 [debug] [MainThread]: Connection 'debug' was properly closed.
[0m18:29:37.518173 [debug] [MainThread]: Sending event: {'category': 'dbt', 'action': 'invocation', 'label': 'end', 'context': [<snowplow_tracker.self_describing_json.SelfDescribingJson object at 0x755377b24170>, <snowplow_tracker.self_describing_json.SelfDescribingJson object at 0x755337253c50>, <snowplow_tracker.self_describing_json.SelfDescribingJson object at 0x75537426d2e0>]}
[0m18:29:37.518483 [debug] [MainThread]: Flushing usage events
[0m18:29:38.049247 [debug] [MainThread]: An error was encountered while trying to flush usage events
[0m18:30:52.809328 [debug] [MainThread]: Sending event: {'category': 'dbt', 'action': 'invocation', 'label': 'start', 'context': [<snowplow_tracker.self_describing_json.SelfDescribingJson object at 0x74aee14201a0>, <snowplow_tracker.self_describing_json.SelfDescribingJson object at 0x74aee1420d40>, <snowplow_tracker.self_describing_json.SelfDescribingJson object at 0x74aee14233e0>]}


============================== 18:30:52.811454 | 34691c07-bba4-4311-a1ee-f3ae3b192aaf ==============================
[0m18:30:52.811454 [info ] [MainThread]: Running with dbt=1.10.2
[0m18:30:52.811843 [debug] [MainThread]: running dbt with arguments {'printer_width': '80', 'indirect_selection': 'eager', 'log_cache_events': 'False', 'write_json': 'True', 'partial_parse': 'True', 'cache_selected_only': 'False', 'warn_error': 'None', 'debug': 'False', 'profiles_dir': '/home/leo-lopes/.dbt', 'log_path': '/home/leo-lopes/Documents/DEV/dbt-core/logs', 'version_check': 'True', 'fail_fast': 'False', 'use_colors': 'True', 'use_experimental_parser': 'False', 'no_print': 'None', 'quiet': 'False', 'empty': 'False', 'warn_error_options': 'WarnErrorOptionsV2(error=[], warn=[], silence=[])', 'introspect': 'True', 'log_format': 'default', 'static_parser': 'True', 'target_path': 'None', 'invocation_command': 'dbt run', 'send_anonymous_usage_stats': 'True'}
[0m18:30:54.434421 [debug] [MainThread]: Sending event: {'category': 'dbt', 'action': 'project_id', 'label': '34691c07-bba4-4311-a1ee-f3ae3b192aaf', 'context': [<snowplow_tracker.self_describing_json.SelfDescribingJson object at 0x74aeac692a20>]}
[0m18:30:54.476551 [debug] [MainThread]: Sending event: {'category': 'dbt', 'action': 'adapter_info', 'label': '34691c07-bba4-4311-a1ee-f3ae3b192aaf', 'context': [<snowplow_tracker.self_describing_json.SelfDescribingJson object at 0x74aee3388c20>]}
[0m18:30:54.476985 [info ] [MainThread]: Registered adapter: bigquery=1.9.2
[0m18:30:54.677898 [debug] [MainThread]: checksum: 1adc40777973ef30f45f80b3b6d04d5013c1edd53d96363881b3b199e612468b, vars: {}, profile: , target: , version: 1.10.2
[0m18:30:54.678408 [info ] [MainThread]: Unable to do partial parsing because saved manifest not found. Starting full parse.
[0m18:30:54.678704 [debug] [MainThread]: Sending event: {'category': 'dbt', 'action': 'partial_parser', 'label': '34691c07-bba4-4311-a1ee-f3ae3b192aaf', 'context': [<snowplow_tracker.self_describing_json.SelfDescribingJson object at 0x74aea38175c0>]}
[0m18:30:55.162139 [warn ] [MainThread]: [[33mWARNING[0m]: Configuration paths exist in your dbt_project.yml file which do not apply to any resources.
There are 1 unused configuration paths:
- models.dbt_core_project.example
[0m18:30:55.165097 [debug] [MainThread]: Sending event: {'category': 'dbt', 'action': 'load_project', 'label': '34691c07-bba4-4311-a1ee-f3ae3b192aaf', 'context': [<snowplow_tracker.self_describing_json.SelfDescribingJson object at 0x74aea36ea9c0>]}
[0m18:30:55.187553 [debug] [MainThread]: Wrote artifact WritableManifest to /home/leo-lopes/Documents/DEV/dbt-core/target/manifest.json
[0m18:30:55.188662 [debug] [MainThread]: Wrote artifact SemanticManifest to /home/leo-lopes/Documents/DEV/dbt-core/target/semantic_manifest.json
[0m18:30:55.196694 [debug] [MainThread]: Sending event: {'category': 'dbt', 'action': 'resource_counts', 'label': '34691c07-bba4-4311-a1ee-f3ae3b192aaf', 'context': [<snowplow_tracker.self_describing_json.SelfDescribingJson object at 0x74aea36a9d90>]}
[0m18:30:55.197028 [info ] [MainThread]: Found 493 macros
[0m18:30:55.197302 [debug] [MainThread]: Sending event: {'category': 'dbt', 'action': 'runnable_timing', 'label': '34691c07-bba4-4311-a1ee-f3ae3b192aaf', 'context': [<snowplow_tracker.self_describing_json.SelfDescribingJson object at 0x74aea3a5a4b0>]}
[0m18:30:55.198296 [warn ] [MainThread]: Nothing to do. Try checking your model configs and model specification args
[0m18:30:55.198699 [debug] [MainThread]: Command end result
[0m18:30:55.209084 [debug] [MainThread]: Wrote artifact WritableManifest to /home/leo-lopes/Documents/DEV/dbt-core/target/manifest.json
[0m18:30:55.210078 [debug] [MainThread]: Wrote artifact SemanticManifest to /home/leo-lopes/Documents/DEV/dbt-core/target/semantic_manifest.json
[0m18:30:55.212160 [debug] [MainThread]: Wrote artifact RunExecutionResult to /home/leo-lopes/Documents/DEV/dbt-core/target/run_results.json
[0m18:30:55.212817 [debug] [MainThread]: Resource report: {"command_name": "run", "command_success": true, "command_wall_clock_time": 2.4407516, "process_in_blocks": "168", "process_kernel_time": 0.503003, "process_mem_max_rss": "366412", "process_out_blocks": "2960", "process_user_time": 3.679084}
[0m18:30:55.213248 [debug] [MainThread]: Command `dbt run` succeeded at 18:30:55.213182 after 2.44 seconds
[0m18:30:55.213537 [debug] [MainThread]: Sending event: {'category': 'dbt', 'action': 'invocation', 'label': 'end', 'context': [<snowplow_tracker.self_describing_json.SelfDescribingJson object at 0x74aee0fa92b0>, <snowplow_tracker.self_describing_json.SelfDescribingJson object at 0x74aea397cd70>, <snowplow_tracker.self_describing_json.SelfDescribingJson object at 0x74aea36ab5f0>]}
[0m18:30:55.213819 [debug] [MainThread]: Flushing usage events
[0m18:30:55.727055 [debug] [MainThread]: An error was encountered while trying to flush usage events
